1716313001 [INFO]: Folder created: ..\frontend\components\Flex
1716313001 [INFO]: SCSS module Flex.module.scss created successfully
1716313001 [INFO]: UI component Flex created successfully
1716325332 [INFO]: Folder created: ..\frontend\components\Text
1716325332 [INFO]: SCSS module Text.module.scss created successfully
1716325332 [INFO]: UI component Text created successfully
1716328205 [ERROR]: Unexpected error: Error: Command failed: git add . && git commit -m "Test if push works" && git push
The following paths are ignored by one of your .gitignore files:
bundle
hint: Use -f if you really want to add them.
hint: Turn this message off by running
hint: "git config advice.addIgnoredFile false"

1734471713 [INFO]: Folder created: ..\frontend\components\test-ui-component
1734471713 [INFO]: SCSS module test-ui-component.module.scss created successfully
1734471713 [INFO]: UI component test-ui-component created successfully
1734471731 [INFO]: Folder created: ..\frontend\components\TestComponent
1734471731 [INFO]: SCSS module TestComponent.module.scss created successfully
1734471731 [INFO]: UI component TestComponent created successfully
1734472046 [INFO]: Folder created: ..\frontend\components\TestComponent1
1734472046 [INFO]: SCSS module TestComponent1.module.scss created successfully
1734472046 [INFO]: UI component TestComponent1 created successfully
1734472498 [INFO]: Folder created: ..\frontend\components\TestComponent2
1734472498 [INFO]: SCSS module TestComponent2.module.scss created successfully
1734472498 [INFO]: UI component TestComponent2 created successfully
1734472536 [INFO]: Folder created: ..\frontend\components\etst
1734472536 [INFO]: SCSS module etst.module.scss created successfully
1734472536 [INFO]: UI component etst created successfully
1734472641 [INFO]: Folder created: ..\frontend\components\stet
1734472641 [INFO]: SCSS module stet.module.scss created successfully
1734472641 [INFO]: UI component stet created successfully
1734472864 [INFO]: Folder created: ..\frontend\components\exmple
1734472864 [INFO]: SCSS module exmple.module.scss created successfully
1734472864 [INFO]: UI component exmple created successfully
1734472882 [INFO]: Folder created: ..\frontend\components\ex1
1734472882 [INFO]: SCSS module ex1.module.scss created successfully
1734472882 [INFO]: UI component ex1 created successfully
1734472888 [INFO]: Folder created: ..\frontend\components\ex11
1734472888 [INFO]: SCSS module ex11.module.scss created successfully
1734472888 [INFO]: UI component ex11 created successfully
